This file contains any messages produced by compilers while
running configure, to aid debugging if configure makes a mistake.

It was created by gmanedit configure 0.4.2, which was
generated by GNU Autoconf 2.61.  Invocation command line was

  $ ./configure --prefix=/usr --mandir=${prefix}/share/man --infodir=${prefix}/share/info --datadir=${prefix}/share

## --------- ##
## Platform. ##
## --------- ##

hostname = darkstar11
uname -m = x86_64
uname -r = 2.6.32-trunk-amd64
uname -s = Linux
uname -v = #1 SMP Sun Jan 10 22:40:40 UTC 2010

/usr/bin/uname -p = unknown
/bin/uname -X     = unknown

/bin/arch              = unknown
/usr/bin/arch -k       = unknown
/usr/convex/getsysinfo = unknown
/usr/bin/hostinfo      = unknown
/bin/machine           = unknown
/usr/bin/oslevel       = unknown
/bin/universe          = unknown

PATH: /usr/local/bin
PATH: /usr/bin
PATH: /bin
PATH: /usr/games


## ----------- ##
## Core tests. ##
## ----------- ##

configure:1787: checking for a BSD-compatible install
configure:1843: result: /usr/bin/install -c
configure:1854: checking whether build environment is sane
configure:1897: result: yes
configure:1962: checking for gawk
configure:1992: result: no
configure:1962: checking for mawk
configure:1978: found /usr/bin/mawk
configure:1989: result: mawk
configure:2000: checking whether make sets $(MAKE)
configure:2021: result: yes
configure:2218: checking for style of include used by make
configure:2246: result: GNU
configure:2319: checking for gcc
configure:2335: found /usr/bin/gcc
configure:2346: result: gcc
configure:2584: checking for C compiler version
configure:2591: gcc --version >&5
gcc (Debian 4.4.4-6) 4.4.4
Copyright (C) 2010 Free Software Foundation, Inc.
This is free software; see the source for copying conditions.  There is NO
warranty; not even for MERCHANTABILITY or FITNESS FOR A PARTICULAR PURPOSE.

configure:2594: $? = 0
configure:2601: gcc -v >&5
Using built-in specs.
Target: x86_64-linux-gnu
Configured with: ../src/configure -v --with-pkgversion='Debian 4.4.4-6' --with-bugurl=file:///usr/share/doc/gcc-4.4/README.Bugs --enable-languages=c,c++,fortran,objc,obj-c++ --prefix=/usr --enable-shared --enable-multiarch --enable-linker-build-id --with-system-zlib --libexecdir=/usr/lib --without-included-gettext --enable-threads=posix --with-gxx-include-dir=/usr/include/c++/4.4 --program-suffix=-4.4 --enable-nls --enable-clocale=gnu --enable-libstdcxx-debug --enable-objc-gc --with-arch-32=i586 --with-tune=generic --enable-checking=release --build=x86_64-linux-gnu --host=x86_64-linux-gnu --target=x86_64-linux-gnu
Thread model: posix
gcc version 4.4.4 (Debian 4.4.4-6) 
configure:2604: $? = 0
configure:2611: gcc -V >&5
gcc: '-V' option must have argument
configure:2614: $? = 1
configure:2637: checking for C compiler default output file name
configure:2664: gcc -g -O2   conftest.c  >&5
configure:2667: $? = 0
configure:2705: result: a.out
configure:2722: checking whether the C compiler works
configure:2732: ./a.out
configure:2735: $? = 0
configure:2752: result: yes
configure:2759: checking whether we are cross compiling
configure:2761: result: no
configure:2764: checking for suffix of executables
configure:2771: gcc -o conftest -g -O2   conftest.c  >&5
configure:2774: $? = 0
configure:2798: result: 
configure:2804: checking for suffix of object files
configure:2830: gcc -c -g -O2  conftest.c >&5
configure:2833: $? = 0
configure:2856: result: o
configure:2860: checking whether we are using the GNU C compiler
configure:2889: gcc -c -g -O2  conftest.c >&5
configure:2895: $? = 0
configure:2912: result: yes
configure:2917: checking whether gcc accepts -g
configure:2947: gcc -c -g  conftest.c >&5
configure:2953: $? = 0
configure:3052: result: yes
configure:3069: checking for gcc option to accept ISO C89
configure:3143: gcc  -c -g -O2  conftest.c >&5
configure:3149: $? = 0
configure:3172: result: none needed
configure:3192: checking dependency style of gcc
configure:3282: result: gcc3
configure:3300: checking for library containing strerror
configure:3341: gcc -o conftest -g -O2   conftest.c  >&5
configure:3347: $? = 0
configure:3375: result: none required
configure:3431: checking for gcc
configure:3458: result: gcc
configure:3696: checking for C compiler version
configure:3703: gcc --version >&5
gcc (Debian 4.4.4-6) 4.4.4
Copyright (C) 2010 Free Software Foundation, Inc.
This is free software; see the source for copying conditions.  There is NO
warranty; not even for MERCHANTABILITY or FITNESS FOR A PARTICULAR PURPOSE.

configure:3706: $? = 0
configure:3713: gcc -v >&5
Using built-in specs.
Target: x86_64-linux-gnu
Configured with: ../src/configure -v --with-pkgversion='Debian 4.4.4-6' --with-bugurl=file:///usr/share/doc/gcc-4.4/README.Bugs --enable-languages=c,c++,fortran,objc,obj-c++ --prefix=/usr --enable-shared --enable-multiarch --enable-linker-build-id --with-system-zlib --libexecdir=/usr/lib --without-included-gettext --enable-threads=posix --with-gxx-include-dir=/usr/include/c++/4.4 --program-suffix=-4.4 --enable-nls --enable-clocale=gnu --enable-libstdcxx-debug --enable-objc-gc --with-arch-32=i586 --with-tune=generic --enable-checking=release --build=x86_64-linux-gnu --host=x86_64-linux-gnu --target=x86_64-linux-gnu
Thread model: posix
gcc version 4.4.4 (Debian 4.4.4-6) 
configure:3716: $? = 0
configure:3723: gcc -V >&5
gcc: '-V' option must have argument
configure:3726: $? = 1
configure:3729: checking whether we are using the GNU C compiler
configure:3781: result: yes
configure:3786: checking whether gcc accepts -g
configure:3921: result: yes
configure:3938: checking for gcc option to accept ISO C89
configure:4041: result: none needed
configure:4061: checking dependency style of gcc
configure:4151: result: gcc3
configure:4216: checking for gcc
configure:4243: result: gcc
configure:4481: checking for C compiler version
configure:4488: gcc --version >&5
gcc (Debian 4.4.4-6) 4.4.4
Copyright (C) 2010 Free Software Foundation, Inc.
This is free software; see the source for copying conditions.  There is NO
warranty; not even for MERCHANTABILITY or FITNESS FOR A PARTICULAR PURPOSE.

configure:4491: $? = 0
configure:4498: gcc -v >&5
Using built-in specs.
Target: x86_64-linux-gnu
Configured with: ../src/configure -v --with-pkgversion='Debian 4.4.4-6' --with-bugurl=file:///usr/share/doc/gcc-4.4/README.Bugs --enable-languages=c,c++,fortran,objc,obj-c++ --prefix=/usr --enable-shared --enable-multiarch --enable-linker-build-id --with-system-zlib --libexecdir=/usr/lib --without-included-gettext --enable-threads=posix --with-gxx-include-dir=/usr/include/c++/4.4 --program-suffix=-4.4 --enable-nls --enable-clocale=gnu --enable-libstdcxx-debug --enable-objc-gc --with-arch-32=i586 --with-tune=generic --enable-checking=release --build=x86_64-linux-gnu --host=x86_64-linux-gnu --target=x86_64-linux-gnu
Thread model: posix
gcc version 4.4.4 (Debian 4.4.4-6) 
configure:4501: $? = 0
configure:4508: gcc -V >&5
gcc: '-V' option must have argument
configure:4511: $? = 1
configure:4514: checking whether we are using the GNU C compiler
configure:4566: result: yes
configure:4571: checking whether gcc accepts -g
configure:4706: result: yes
configure:4723: checking for gcc option to accept ISO C89
configure:4826: result: none needed
configure:4846: checking dependency style of gcc
configure:4936: result: gcc3
configure:4961: checking how to run the C preprocessor
configure:5001: gcc -E  conftest.c
configure:5007: $? = 0
configure:5038: gcc -E  conftest.c
conftest.c:10:28: error: ac_nonexistent.h: No such file or directory
configure:5044: $? = 1
configure: failed program was:
| /* confdefs.h.  */
| #define PACKAGE_NAME "gmanedit"
| #define PACKAGE_TARNAME "gmanedit"
| #define PACKAGE_VERSION "0.4.2"
| #define PACKAGE_STRING "gmanedit 0.4.2"
| #define PACKAGE_BUGREPORT "pg4i@amsat.org"
| #define PACKAGE "gmanedit"
| #define VERSION "0.4.2"
| /* end confdefs.h.  */
| #include <ac_nonexistent.h>
configure:5077: result: gcc -E
configure:5106: gcc -E  conftest.c
configure:5112: $? = 0
configure:5143: gcc -E  conftest.c
conftest.c:10:28: error: ac_nonexistent.h: No such file or directory
configure:5149: $? = 1
configure: failed program was:
| /* confdefs.h.  */
| #define PACKAGE_NAME "gmanedit"
| #define PACKAGE_TARNAME "gmanedit"
| #define PACKAGE_VERSION "0.4.2"
| #define PACKAGE_STRING "gmanedit 0.4.2"
| #define PACKAGE_BUGREPORT "pg4i@amsat.org"
| #define PACKAGE "gmanedit"
| #define VERSION "0.4.2"
| /* end confdefs.h.  */
| #include <ac_nonexistent.h>
configure:5187: checking for grep that handles long lines and -e
configure:5261: result: /bin/grep
configure:5266: checking for egrep
configure:5344: result: /bin/grep -E
configure:5349: checking for ANSI C header files
configure:5379: gcc -c -g -O2  conftest.c >&5
configure:5385: $? = 0
configure:5484: gcc -o conftest -g -O2   conftest.c  >&5
configure:5487: $? = 0
configure:5493: ./conftest
configure:5496: $? = 0
configure:5513: result: yes
configure:5577: checking for pkg-config
configure:5595: found /usr/bin/pkg-config
configure:5607: result: /usr/bin/pkg-config
configure:5636: checking pkg-config is at least version 0.9.0
configure:5639: result: yes
configure:5650: checking for GTK
configure:5658: $PKG_CONFIG --exists --print-errors "gtk+-2.0 >= 2.10.0"
configure:5661: $? = 0
configure:5676: $PKG_CONFIG --exists --print-errors "gtk+-2.0 >= 2.10.0"
configure:5679: $? = 0
configure:5755: result: yes
configure:5763: checking whether NLS is requested
configure:5772: result: yes
configure:5813: checking for msgfmt
configure: trying /usr/bin/msgfmt...
0 translated messages.
configure:5845: result: /usr/bin/msgfmt
configure:5854: checking for gmsgfmt
configure:5885: result: /usr/bin/msgfmt
configure:5936: checking for xgettext
configure: trying /usr/bin/xgettext...
/usr/bin/xgettext: warning: file `/dev/null' extension `' is unknown; will try C
configure:5968: result: /usr/bin/xgettext
configure:6014: checking for msgmerge
configure: trying /usr/bin/msgmerge...
configure:6045: result: /usr/bin/msgmerge
configure:6084: checking build system type
configure:6102: result: x86_64-unknown-linux-gnu
configure:6124: checking host system type
configure:6139: result: x86_64-unknown-linux-gnu
configure:6185: checking for ld used by GCC
configure:6249: result: /usr/bin/ld
configure:6258: checking if the linker (/usr/bin/ld) is GNU ld
configure:6271: result: yes
configure:6278: checking for shared library run path origin
configure:6291: result: done
configure:6792: checking for CFPreferencesCopyAppValue
configure:6820: gcc -o conftest -g -O2 -Wall   conftest.c  -Wl,-framework -Wl,CoreFoundation >&5
conftest.c:11:42: error: CoreFoundation/CFPreferences.h: No such file or directory
conftest.c: In function 'main':
conftest.c:15: warning: implicit declaration of function 'CFPreferencesCopyAppValue'
conftest.c:15: error: 'NULL' undeclared (first use in this function)
conftest.c:15: error: (Each undeclared identifier is reported only once
conftest.c:15: error: for each function it appears in.)
configure:6826: $? = 1
configure: failed program was:
| /* confdefs.h.  */
| #define PACKAGE_NAME "gmanedit"
| #define PACKAGE_TARNAME "gmanedit"
| #define PACKAGE_VERSION "0.4.2"
| #define PACKAGE_STRING "gmanedit 0.4.2"
| #define PACKAGE_BUGREPORT "pg4i@amsat.org"
| #define PACKAGE "gmanedit"
| #define VERSION "0.4.2"
| #define STDC_HEADERS 1
| /* end confdefs.h.  */
| #include <CoreFoundation/CFPreferences.h>
| int
| main ()
| {
| CFPreferencesCopyAppValue(NULL, NULL)
|   ;
|   return 0;
| }
configure:6844: result: no
configure:6853: checking for CFLocaleCopyCurrent
configure:6881: gcc -o conftest -g -O2 -Wall   conftest.c  -Wl,-framework -Wl,CoreFoundation >&5
conftest.c:11:37: error: CoreFoundation/CFLocale.h: No such file or directory
conftest.c: In function 'main':
conftest.c:15: warning: implicit declaration of function 'CFLocaleCopyCurrent'
configure:6887: $? = 1
configure: failed program was:
| /* confdefs.h.  */
| #define PACKAGE_NAME "gmanedit"
| #define PACKAGE_TARNAME "gmanedit"
| #define PACKAGE_VERSION "0.4.2"
| #define PACKAGE_STRING "gmanedit 0.4.2"
| #define PACKAGE_BUGREPORT "pg4i@amsat.org"
| #define PACKAGE "gmanedit"
| #define VERSION "0.4.2"
| #define STDC_HEADERS 1
| /* end confdefs.h.  */
| #include <CoreFoundation/CFLocale.h>
| int
| main ()
| {
| CFLocaleCopyCurrent();
|   ;
|   return 0;
| }
configure:6905: result: no
configure:6956: checking for GNU gettext in libc
configure:6986: gcc -o conftest -g -O2 -Wall   conftest.c  >&5
configure:6992: $? = 0
configure:7010: result: yes
configure:7894: checking whether to use NLS
configure:7896: result: yes
configure:7899: checking where the gettext function comes from
configure:7910: result: libc
configure:8133: creating ./config.status

## ---------------------- ##
## Running config.status. ##
## ---------------------- ##

This file was extended by gmanedit config.status 0.4.2, which was
generated by GNU Autoconf 2.61.  Invocation command line was

  CONFIG_FILES    = 
  CONFIG_HEADERS  = 
  CONFIG_LINKS    = 
  CONFIG_COMMANDS = 
  $ ./config.status 

on darkstar11

config.status:657: creating Makefile
config.status:657: creating src/Makefile
config.status:657: creating po/Makefile.in
config.status:842: executing depfiles commands
config.status:842: executing po-directories commands

## ---------------- ##
## Cache variables. ##
## ---------------- ##

ac_cv_build=x86_64-unknown-linux-gnu
ac_cv_c_compiler_gnu=yes
ac_cv_env_CC_set=
ac_cv_env_CC_value=
ac_cv_env_CFLAGS_set=set
ac_cv_env_CFLAGS_value='-g -O2'
ac_cv_env_CPPFLAGS_set=set
ac_cv_env_CPPFLAGS_value=
ac_cv_env_CPP_set=
ac_cv_env_CPP_value=
ac_cv_env_GTK_CFLAGS_set=
ac_cv_env_GTK_CFLAGS_value=
ac_cv_env_GTK_LIBS_set=
ac_cv_env_GTK_LIBS_value=
ac_cv_env_LDFLAGS_set=set
ac_cv_env_LDFLAGS_value=
ac_cv_env_LIBS_set=
ac_cv_env_LIBS_value=
ac_cv_env_PKG_CONFIG_set=
ac_cv_env_PKG_CONFIG_value=
ac_cv_env_build_alias_set=
ac_cv_env_build_alias_value=
ac_cv_env_host_alias_set=
ac_cv_env_host_alias_value=
ac_cv_env_target_alias_set=
ac_cv_env_target_alias_value=
ac_cv_header_stdc=yes
ac_cv_host=x86_64-unknown-linux-gnu
ac_cv_objext=o
ac_cv_path_EGREP='/bin/grep -E'
ac_cv_path_GMSGFMT=/usr/bin/msgfmt
ac_cv_path_GREP=/bin/grep
ac_cv_path_MSGFMT=/usr/bin/msgfmt
ac_cv_path_MSGMERGE=/usr/bin/msgmerge
ac_cv_path_XGETTEXT=/usr/bin/xgettext
ac_cv_path_ac_pt_PKG_CONFIG=/usr/bin/pkg-config
ac_cv_path_install='/usr/bin/install -c'
ac_cv_prog_AWK=mawk
ac_cv_prog_CPP='gcc -E'
ac_cv_prog_ac_ct_CC=gcc
ac_cv_prog_cc_c89=
ac_cv_prog_cc_g=yes
ac_cv_prog_make_make_set=yes
ac_cv_search_strerror='none required'
acl_cv_hardcode_direct=no
acl_cv_hardcode_libdir_flag_spec='${wl}-rpath ${wl}$libdir'
acl_cv_hardcode_libdir_separator=
acl_cv_hardcode_minus_L=no
acl_cv_libext=a
acl_cv_libname_spec='lib$name'
acl_cv_library_names_spec='$libname$shrext'
acl_cv_path_LD=/usr/bin/ld
acl_cv_prog_gnu_ld=yes
acl_cv_rpath=done
acl_cv_shlibext=so
acl_cv_wl=-Wl,
am_cv_CC_dependencies_compiler_type=gcc3
am_cv_prog_cc_stdc=
gt_cv_func_CFLocaleCopyCurrent=no
gt_cv_func_CFPreferencesCopyAppValue=no
gt_cv_func_gnugettext1_libc=yes
pkg_cv_GTK_CFLAGS='-pthread -I/usr/include/gtk-2.0 -I/usr/lib/gtk-2.0/include -I/usr/include/atk-1.0 -I/usr/include/cairo -I/usr/include/pango-1.0 -I/usr/include/gio-unix-2.0/ -I/usr/include/pixman-1 -I/usr/include/freetype2 -I/usr/include/libpng12 -I/usr/include/glib-2.0 -I/usr/lib/glib-2.0/include  '
pkg_cv_GTK_LIBS='-pthread -lgtk-x11-2.0 -lgdk-x11-2.0 -latk-1.0 -lpangoft2-1.0 -lgdk_pixbuf-2.0 -lm -lpangocairo-1.0 -lcairo -lgio-2.0 -lpango-1.0 -lfreetype -lfontconfig -lgobject-2.0 -lgmodule-2.0 -lgthread-2.0 -lrt -lglib-2.0  '

## ----------------- ##
## Output variables. ##
## ----------------- ##

ACLOCAL='${SHELL} /home/jorge/Desktop/quilt-play.ground/gmanedit-0.4.2/missing --run aclocal-1.9'
AMDEPBACKSLASH='\'
AMDEP_FALSE='#'
AMDEP_TRUE=''
AMTAR='${SHELL} /home/jorge/Desktop/quilt-play.ground/gmanedit-0.4.2/missing --run tar'
AUTOCONF='${SHELL} /home/jorge/Desktop/quilt-play.ground/gmanedit-0.4.2/missing --run autoconf'
AUTOHEADER='${SHELL} /home/jorge/Desktop/quilt-play.ground/gmanedit-0.4.2/missing --run autoheader'
AUTOMAKE='${SHELL} /home/jorge/Desktop/quilt-play.ground/gmanedit-0.4.2/missing --run automake-1.9'
AWK='mawk'
CC='gcc'
CCDEPMODE='depmode=gcc3'
CFLAGS='-g -O2 -Wall'
CPP='gcc -E'
CPPFLAGS=''
CYGPATH_W='echo'
DEFS='-DPACKAGE_NAME=\"gmanedit\" -DPACKAGE_TARNAME=\"gmanedit\" -DPACKAGE_VERSION=\"0.4.2\" -DPACKAGE_STRING=\"gmanedit\ 0.4.2\" -DPACKAGE_BUGREPORT=\"pg4i@amsat.org\" -DPACKAGE=\"gmanedit\" -DVERSION=\"0.4.2\" -DSTDC_HEADERS=1 -DENABLE_NLS=1 -DHAVE_GETTEXT=1 -DHAVE_DCGETTEXT=1'
DEPDIR='.deps'
ECHO_C=''
ECHO_N='-n'
ECHO_T=''
EGREP='/bin/grep -E'
EXEEXT=''
GETTEXT_MACRO_VERSION='0.17'
GMSGFMT='/usr/bin/msgfmt'
GMSGFMT_015='/usr/bin/msgfmt'
GREP='/bin/grep'
GTK_CFLAGS='-pthread -I/usr/include/gtk-2.0 -I/usr/lib/gtk-2.0/include -I/usr/include/atk-1.0 -I/usr/include/cairo -I/usr/include/pango-1.0 -I/usr/include/gio-unix-2.0/ -I/usr/include/pixman-1 -I/usr/include/freetype2 -I/usr/include/libpng12 -I/usr/include/glib-2.0 -I/usr/lib/glib-2.0/include  '
GTK_LIBS='-pthread -lgtk-x11-2.0 -lgdk-x11-2.0 -latk-1.0 -lpangoft2-1.0 -lgdk_pixbuf-2.0 -lm -lpangocairo-1.0 -lcairo -lgio-2.0 -lpango-1.0 -lfreetype -lfontconfig -lgobject-2.0 -lgmodule-2.0 -lgthread-2.0 -lrt -lglib-2.0  '
INSTALL_DATA='${INSTALL} -m 644'
INSTALL_PROGRAM='${INSTALL}'
INSTALL_SCRIPT='${INSTALL}'
INSTALL_STRIP_PROGRAM='${SHELL} $(install_sh) -c -s'
INTLLIBS=''
INTL_MACOSX_LIBS=''
LDFLAGS=''
LIBICONV='-liconv'
LIBINTL=''
LIBOBJS=''
LIBS=''
LTLIBICONV='-liconv'
LTLIBINTL=''
LTLIBOBJS=''
MAKEINFO='${SHELL} /home/jorge/Desktop/quilt-play.ground/gmanedit-0.4.2/missing --run makeinfo'
MSGFMT='/usr/bin/msgfmt'
MSGFMT_015='/usr/bin/msgfmt'
MSGMERGE='/usr/bin/msgmerge'
OBJEXT='o'
PACKAGE='gmanedit'
PACKAGE_BUGREPORT='pg4i@amsat.org'
PACKAGE_NAME='gmanedit'
PACKAGE_STRING='gmanedit 0.4.2'
PACKAGE_TARNAME='gmanedit'
PACKAGE_VERSION='0.4.2'
PATH_SEPARATOR=':'
PKG_CONFIG='/usr/bin/pkg-config'
POSUB='po'
SET_MAKE=''
SHELL='/bin/bash'
STRIP=''
USE_NLS='yes'
VERSION='0.4.2'
XGETTEXT='/usr/bin/xgettext'
XGETTEXT_015='/usr/bin/xgettext'
XGETTEXT_EXTRA_OPTIONS=''
ac_ct_CC='gcc'
am__fastdepCC_FALSE='#'
am__fastdepCC_TRUE=''
am__include='include'
am__leading_dot='.'
am__quote=''
am__tar='${AMTAR} chof - "$$tardir"'
am__untar='${AMTAR} xf -'
bindir='${exec_prefix}/bin'
build='x86_64-unknown-linux-gnu'
build_alias=''
build_cpu='x86_64'
build_os='linux-gnu'
build_vendor='unknown'
datadir='${prefix}/share'
datarootdir='${prefix}/share'
docdir='${datarootdir}/doc/${PACKAGE_TARNAME}'
dvidir='${docdir}'
exec_prefix='${prefix}'
host='x86_64-unknown-linux-gnu'
host_alias=''
host_cpu='x86_64'
host_os='linux-gnu'
host_vendor='unknown'
htmldir='${docdir}'
includedir='${prefix}/include'
infodir='${prefix}/share/info'
install_sh='/home/jorge/Desktop/quilt-play.ground/gmanedit-0.4.2/install-sh'
libdir='${exec_prefix}/lib'
libexecdir='${exec_prefix}/libexec'
localedir='${datarootdir}/locale'
localstatedir='${prefix}/var'
mandir='${prefix}/share/man'
mkdir_p='mkdir -p --'
oldincludedir='/usr/include'
pdfdir='${docdir}'
prefix='/usr'
program_transform_name='s,x,x,'
psdir='${docdir}'
sbindir='${exec_prefix}/sbin'
sharedstatedir='${prefix}/com'
sysconfdir='${prefix}/etc'
target_alias=''

## ----------- ##
## confdefs.h. ##
## ----------- ##

#define PACKAGE_NAME "gmanedit"
#define PACKAGE_TARNAME "gmanedit"
#define PACKAGE_VERSION "0.4.2"
#define PACKAGE_STRING "gmanedit 0.4.2"
#define PACKAGE_BUGREPORT "pg4i@amsat.org"
#define PACKAGE "gmanedit"
#define VERSION "0.4.2"
#define STDC_HEADERS 1
#define ENABLE_NLS 1
#define HAVE_GETTEXT 1
#define HAVE_DCGETTEXT 1

configure: exit 0
